d:\file\vs_project\opengl_gmae\opengl_gmae\debug\vc142.pdb
d:\file\vs_project\opengl_gmae\opengl_gmae\debug\vc142.idb
d:\file\vs_project\opengl_gmae\opengl_gmae\debug\glad.obj
d:\file\vs_project\opengl_gmae\opengl_gmae\debug\stb_image.obj
d:\file\vs_project\opengl_gmae\opengl_gmae\debug\jumpball.obj
d:\file\vs_project\opengl_gmae\opengl_gmae\debug\texture.obj
d:\file\vs_project\opengl_gmae\opengl_gmae\debug\shader.obj
d:\file\vs_project\opengl_gmae\opengl_gmae\debug\resource.obj
d:\file\vs_project\opengl_gmae\opengl_gmae\debug\renderer.obj
d:\file\vs_project\opengl_gmae\opengl_gmae\debug\playerobject.obj
d:\file\vs_project\opengl_gmae\opengl_gmae\debug\particle_generator.obj
d:\file\vs_project\opengl_gmae\opengl_gmae\debug\gameobject.obj
d:\file\vs_project\opengl_gmae\opengl_gmae\debug\game.obj
d:\file\vs_project\opengl_gmae\debug\opengl_gmae.exe
d:\file\vs_project\opengl_gmae\debug\opengl_gmae.ilk
d:\file\vs_project\opengl_gmae\debug\opengl_gmae.pdb
d:\file\vs_project\opengl_gmae\opengl_gmae\debug\opengl_gmae.tlog\cl.command.1.tlog
d:\file\vs_project\opengl_gmae\opengl_gmae\debug\opengl_gmae.tlog\cl.read.1.tlog
d:\file\vs_project\opengl_gmae\opengl_gmae\debug\opengl_gmae.tlog\cl.write.1.tlog
d:\file\vs_project\opengl_gmae\opengl_gmae\debug\opengl_gmae.tlog\link.command.1.tlog
d:\file\vs_project\opengl_gmae\opengl_gmae\debug\opengl_gmae.tlog\link.read.1.tlog
d:\file\vs_project\opengl_gmae\opengl_gmae\debug\opengl_gmae.tlog\link.write.1.tlog
